ERROR - 2023-06-13 00:04:47 --> mysqli_sql_exception: Table 'users_ufm.users' doesn't exist in C:\xampp\htdocs\api\system\Database\MySQLi\Connection.php:295
Stack trace:
#0 C:\xampp\htdocs\api\system\Database\MySQLi\Connection.php(295): mysqli->query('SELECT 1\nFROM `...', 0)
#1 C:\xampp\htdocs\api\system\Database\BaseConnection.php(692): CodeIgniter\Database\MySQLi\Connection->execute('SELECT 1\nFROM `...')
#2 C:\xampp\htdocs\api\system\Database\BaseConnection.php(606): CodeIgniter\Database\BaseConnection->simpleQuery('SELECT 1\nFROM `...')
#3 C:\xampp\htdocs\api\system\Database\BaseBuilder.php(1616): CodeIgniter\Database\BaseConnection->query('SELECT 1\nFROM `...', Array, false)
#4 C:\xampp\htdocs\api\system\Validation\StrictRules\Rules.php(206): CodeIgniter\Database\BaseBuilder->get()
#5 C:\xampp\htdocs\api\system\Validation\Validation.php(321): CodeIgniter\Validation\StrictRules\Rules->is_unique('deibsaa@gmail.c...', 'email', Array, NULL, 'email')
#6 C:\xampp\htdocs\api\system\Validation\Validation.php(179): CodeIgniter\Validation\Validation->processRules('email', 'email', 'deibsaa@gmail.c...', Array, Array)
#7 C:\xampp\htdocs\api\system\BaseModel.php(1453): CodeIgniter\Validation\Validation->run(Array, NULL, NULL)
#8 C:\xampp\htdocs\api\system\BaseModel.php(913): CodeIgniter\BaseModel->validate(Array)
#9 C:\xampp\htdocs\api\system\Model.php(756): CodeIgniter\BaseModel->update(Array, Array)
#10 C:\xampp\htdocs\api\app\Controllers\notes.php(40): CodeIgniter\Model->update('1', Array)
#11 C:\xampp\htdocs\api\system\CodeIgniter.php(934): App\Controllers\notes->update('1')
#12 C:\xampp\htdocs\api\system\CodeIgniter.php(499): CodeIgniter\CodeIgniter->runController(Object(App\Controllers\notes))
#13 C:\xampp\htdocs\api\system\CodeIgniter.php(368): CodeIgniter\CodeIgniter->handleRequest(NULL, Object(Config\Cache), false)
#14 C:\xampp\htdocs\api\index.php(67): CodeIgniter\CodeIgniter->run()
#15 {main}
CRITICAL - 2023-06-13 00:04:47 --> Table 'users_ufm.users' doesn't exist
in SYSTEMPATH\Database\MySQLi\Connection.php on line 295.
 1 SYSTEMPATH\Database\MySQLi\Connection.php(295): mysqli->query('SELECT 1
FROM `users`
WHERE `email` = \'deibsaa@gmail.com\'
 LIMIT 1', 0)
 2 SYSTEMPATH\Database\BaseConnection.php(692): CodeIgniter\Database\MySQLi\Connection->execute('SELECT 1
FROM `users`
WHERE `email` = \'deibsaa@gmail.com\'
 LIMIT 1')
 3 SYSTEMPATH\Database\BaseConnection.php(606): CodeIgniter\Database\BaseConnection->simpleQuery('SELECT 1
FROM `users`
WHERE `email` = \'deibsaa@gmail.com\'
 LIMIT 1')
 4 SYSTEMPATH\Database\BaseBuilder.php(1616): CodeIgniter\Database\BaseConnection->query('SELECT 1
FROM `users`
WHERE `email` = :email:
 LIMIT 1', [...], false)
 5 SYSTEMPATH\Validation\StrictRules\Rules.php(206): CodeIgniter\Database\BaseBuilder->get()
 6 SYSTEMPATH\Validation\Validation.php(321): CodeIgniter\Validation\StrictRules\Rules->is_unique('deibsaa@gmail.com', 'email', [...], null, 'email')
 7 SYSTEMPATH\Validation\Validation.php(179): CodeIgniter\Validation\Validation->processRules('email', 'email', 'deibsaa@gmail.com', [...], [...])
 8 SYSTEMPATH\BaseModel.php(1453): CodeIgniter\Validation\Validation->run([...], null, null)
 9 SYSTEMPATH\BaseModel.php(913): CodeIgniter\BaseModel->validate([...])
10 SYSTEMPATH\Model.php(756): CodeIgniter\BaseModel->update([...], [...])
11 APPPATH\Controllers\notes.php(40): CodeIgniter\Model->update('1', [...])
12 SYSTEMPATH\CodeIgniter.php(934): App\Controllers\notes->update('1')
13 SYSTEMPATH\CodeIgniter.php(499): CodeIgniter\CodeIgniter->runController(Object(App\Controllers\notes))
14 SYSTEMPATH\CodeIgniter.php(368): CodeIgniter\CodeIgniter->handleRequest(null, Object(Config\Cache), false)
15 FCPATH\index.php(67): CodeIgniter\CodeIgniter->run()
ERROR - 2023-06-13 00:10:10 --> mysqli_sql_exception: Table 'users_ufm.users' doesn't exist in C:\xampp\htdocs\api\system\Database\MySQLi\Connection.php:295
Stack trace:
#0 C:\xampp\htdocs\api\system\Database\MySQLi\Connection.php(295): mysqli->query('SELECT 1\nFROM `...', 0)
#1 C:\xampp\htdocs\api\system\Database\BaseConnection.php(692): CodeIgniter\Database\MySQLi\Connection->execute('SELECT 1\nFROM `...')
#2 C:\xampp\htdocs\api\system\Database\BaseConnection.php(606): CodeIgniter\Database\BaseConnection->simpleQuery('SELECT 1\nFROM `...')
#3 C:\xampp\htdocs\api\system\Database\BaseBuilder.php(1616): CodeIgniter\Database\BaseConnection->query('SELECT 1\nFROM `...', Array, false)
#4 C:\xampp\htdocs\api\system\Validation\StrictRules\Rules.php(206): CodeIgniter\Database\BaseBuilder->get()
#5 C:\xampp\htdocs\api\system\Validation\Validation.php(321): CodeIgniter\Validation\StrictRules\Rules->is_unique('deibsaa@gmail.c...', 'email', Array, NULL, 'email')
#6 C:\xampp\htdocs\api\system\Validation\Validation.php(179): CodeIgniter\Validation\Validation->processRules('email', 'email', 'deibsaa@gmail.c...', Array, Array)
#7 C:\xampp\htdocs\api\system\BaseModel.php(1453): CodeIgniter\Validation\Validation->run(Array, NULL, NULL)
#8 C:\xampp\htdocs\api\system\BaseModel.php(913): CodeIgniter\BaseModel->validate(Array)
#9 C:\xampp\htdocs\api\system\Model.php(756): CodeIgniter\BaseModel->update(Array, Array)
#10 C:\xampp\htdocs\api\app\Controllers\notes.php(40): CodeIgniter\Model->update('5', Array)
#11 C:\xampp\htdocs\api\system\CodeIgniter.php(934): App\Controllers\notes->update('5')
#12 C:\xampp\htdocs\api\system\CodeIgniter.php(499): CodeIgniter\CodeIgniter->runController(Object(App\Controllers\notes))
#13 C:\xampp\htdocs\api\system\CodeIgniter.php(368): CodeIgniter\CodeIgniter->handleRequest(NULL, Object(Config\Cache), false)
#14 C:\xampp\htdocs\api\index.php(67): CodeIgniter\CodeIgniter->run()
#15 {main}
CRITICAL - 2023-06-13 00:10:10 --> Table 'users_ufm.users' doesn't exist
in SYSTEMPATH\Database\MySQLi\Connection.php on line 295.
 1 SYSTEMPATH\Database\MySQLi\Connection.php(295): mysqli->query('SELECT 1
FROM `users`
WHERE `email` = \'deibsaa@gmail.com\'
 LIMIT 1', 0)
 2 SYSTEMPATH\Database\BaseConnection.php(692): CodeIgniter\Database\MySQLi\Connection->execute('SELECT 1
FROM `users`
WHERE `email` = \'deibsaa@gmail.com\'
 LIMIT 1')
 3 SYSTEMPATH\Database\BaseConnection.php(606): CodeIgniter\Database\BaseConnection->simpleQuery('SELECT 1
FROM `users`
WHERE `email` = \'deibsaa@gmail.com\'
 LIMIT 1')
 4 SYSTEMPATH\Database\BaseBuilder.php(1616): CodeIgniter\Database\BaseConnection->query('SELECT 1
FROM `users`
WHERE `email` = :email:
 LIMIT 1', [...], false)
 5 SYSTEMPATH\Validation\StrictRules\Rules.php(206): CodeIgniter\Database\BaseBuilder->get()
 6 SYSTEMPATH\Validation\Validation.php(321): CodeIgniter\Validation\StrictRules\Rules->is_unique('deibsaa@gmail.com', 'email', [...], null, 'email')
 7 SYSTEMPATH\Validation\Validation.php(179): CodeIgniter\Validation\Validation->processRules('email', 'email', 'deibsaa@gmail.com', [...], [...])
 8 SYSTEMPATH\BaseModel.php(1453): CodeIgniter\Validation\Validation->run([...], null, null)
 9 SYSTEMPATH\BaseModel.php(913): CodeIgniter\BaseModel->validate([...])
10 SYSTEMPATH\Model.php(756): CodeIgniter\BaseModel->update([...], [...])
11 APPPATH\Controllers\notes.php(40): CodeIgniter\Model->update('5', [...])
12 SYSTEMPATH\CodeIgniter.php(934): App\Controllers\notes->update('5')
13 SYSTEMPATH\CodeIgniter.php(499): CodeIgniter\CodeIgniter->runController(Object(App\Controllers\notes))
14 SYSTEMPATH\CodeIgniter.php(368): CodeIgniter\CodeIgniter->handleRequest(null, Object(Config\Cache), false)
15 FCPATH\index.php(67): CodeIgniter\CodeIgniter->run()
ERROR - 2023-06-13 00:10:15 --> mysqli_sql_exception: Table 'users_ufm.users' doesn't exist in C:\xampp\htdocs\api\system\Database\MySQLi\Connection.php:295
Stack trace:
#0 C:\xampp\htdocs\api\system\Database\MySQLi\Connection.php(295): mysqli->query('SELECT 1\nFROM `...', 0)
#1 C:\xampp\htdocs\api\system\Database\BaseConnection.php(692): CodeIgniter\Database\MySQLi\Connection->execute('SELECT 1\nFROM `...')
#2 C:\xampp\htdocs\api\system\Database\BaseConnection.php(606): CodeIgniter\Database\BaseConnection->simpleQuery('SELECT 1\nFROM `...')
#3 C:\xampp\htdocs\api\system\Database\BaseBuilder.php(1616): CodeIgniter\Database\BaseConnection->query('SELECT 1\nFROM `...', Array, false)
#4 C:\xampp\htdocs\api\system\Validation\StrictRules\Rules.php(206): CodeIgniter\Database\BaseBuilder->get()
#5 C:\xampp\htdocs\api\system\Validation\Validation.php(321): CodeIgniter\Validation\StrictRules\Rules->is_unique('deibsaa@gmail.c...', 'email', Array, NULL, 'email')
#6 C:\xampp\htdocs\api\system\Validation\Validation.php(179): CodeIgniter\Validation\Validation->processRules('email', 'email', 'deibsaa@gmail.c...', Array, Array)
#7 C:\xampp\htdocs\api\system\BaseModel.php(1453): CodeIgniter\Validation\Validation->run(Array, NULL, NULL)
#8 C:\xampp\htdocs\api\system\BaseModel.php(913): CodeIgniter\BaseModel->validate(Array)
#9 C:\xampp\htdocs\api\system\Model.php(756): CodeIgniter\BaseModel->update(Array, Array)
#10 C:\xampp\htdocs\api\app\Controllers\notes.php(40): CodeIgniter\Model->update('5', Array)
#11 C:\xampp\htdocs\api\system\CodeIgniter.php(934): App\Controllers\notes->update('5')
#12 C:\xampp\htdocs\api\system\CodeIgniter.php(499): CodeIgniter\CodeIgniter->runController(Object(App\Controllers\notes))
#13 C:\xampp\htdocs\api\system\CodeIgniter.php(368): CodeIgniter\CodeIgniter->handleRequest(NULL, Object(Config\Cache), false)
#14 C:\xampp\htdocs\api\index.php(67): CodeIgniter\CodeIgniter->run()
#15 {main}
CRITICAL - 2023-06-13 00:10:15 --> Table 'users_ufm.users' doesn't exist
in SYSTEMPATH\Database\MySQLi\Connection.php on line 295.
 1 SYSTEMPATH\Database\MySQLi\Connection.php(295): mysqli->query('SELECT 1
FROM `users`
WHERE `email` = \'deibsaa@gmail.com\'
 LIMIT 1', 0)
 2 SYSTEMPATH\Database\BaseConnection.php(692): CodeIgniter\Database\MySQLi\Connection->execute('SELECT 1
FROM `users`
WHERE `email` = \'deibsaa@gmail.com\'
 LIMIT 1')
 3 SYSTEMPATH\Database\BaseConnection.php(606): CodeIgniter\Database\BaseConnection->simpleQuery('SELECT 1
FROM `users`
WHERE `email` = \'deibsaa@gmail.com\'
 LIMIT 1')
 4 SYSTEMPATH\Database\BaseBuilder.php(1616): CodeIgniter\Database\BaseConnection->query('SELECT 1
FROM `users`
WHERE `email` = :email:
 LIMIT 1', [...], false)
 5 SYSTEMPATH\Validation\StrictRules\Rules.php(206): CodeIgniter\Database\BaseBuilder->get()
 6 SYSTEMPATH\Validation\Validation.php(321): CodeIgniter\Validation\StrictRules\Rules->is_unique('deibsaa@gmail.com', 'email', [...], null, 'email')
 7 SYSTEMPATH\Validation\Validation.php(179): CodeIgniter\Validation\Validation->processRules('email', 'email', 'deibsaa@gmail.com', [...], [...])
 8 SYSTEMPATH\BaseModel.php(1453): CodeIgniter\Validation\Validation->run([...], null, null)
 9 SYSTEMPATH\BaseModel.php(913): CodeIgniter\BaseModel->validate([...])
10 SYSTEMPATH\Model.php(756): CodeIgniter\BaseModel->update([...], [...])
11 APPPATH\Controllers\notes.php(40): CodeIgniter\Model->update('5', [...])
12 SYSTEMPATH\CodeIgniter.php(934): App\Controllers\notes->update('5')
13 SYSTEMPATH\CodeIgniter.php(499): CodeIgniter\CodeIgniter->runController(Object(App\Controllers\notes))
14 SYSTEMPATH\CodeIgniter.php(368): CodeIgniter\CodeIgniter->handleRequest(null, Object(Config\Cache), false)
15 FCPATH\index.php(67): CodeIgniter\CodeIgniter->run()
ERROR - 2023-06-13 00:16:19 --> mysqli_sql_exception: Table 'users_ufm.users' doesn't exist in C:\xampp\htdocs\api\system\Database\MySQLi\Connection.php:295
Stack trace:
#0 C:\xampp\htdocs\api\system\Database\MySQLi\Connection.php(295): mysqli->query('SELECT 1\nFROM `...', 0)
#1 C:\xampp\htdocs\api\system\Database\BaseConnection.php(692): CodeIgniter\Database\MySQLi\Connection->execute('SELECT 1\nFROM `...')
#2 C:\xampp\htdocs\api\system\Database\BaseConnection.php(606): CodeIgniter\Database\BaseConnection->simpleQuery('SELECT 1\nFROM `...')
#3 C:\xampp\htdocs\api\system\Database\BaseBuilder.php(1616): CodeIgniter\Database\BaseConnection->query('SELECT 1\nFROM `...', Array, false)
#4 C:\xampp\htdocs\api\system\Validation\StrictRules\Rules.php(206): CodeIgniter\Database\BaseBuilder->get()
#5 C:\xampp\htdocs\api\system\Validation\Validation.php(321): CodeIgniter\Validation\StrictRules\Rules->is_unique('deibsaa@gmail.c...', 'email', Array, NULL, 'email')
#6 C:\xampp\htdocs\api\system\Validation\Validation.php(179): CodeIgniter\Validation\Validation->processRules('email', 'email', 'deibsaa@gmail.c...', Array, Array)
#7 C:\xampp\htdocs\api\system\BaseModel.php(1453): CodeIgniter\Validation\Validation->run(Array, NULL, NULL)
#8 C:\xampp\htdocs\api\system\BaseModel.php(913): CodeIgniter\BaseModel->validate(Array)
#9 C:\xampp\htdocs\api\system\Model.php(756): CodeIgniter\BaseModel->update(Array, Array)
#10 C:\xampp\htdocs\api\app\Controllers\notes.php(40): CodeIgniter\Model->update('5', Array)
#11 C:\xampp\htdocs\api\system\CodeIgniter.php(934): App\Controllers\notes->update('5')
#12 C:\xampp\htdocs\api\system\CodeIgniter.php(499): CodeIgniter\CodeIgniter->runController(Object(App\Controllers\notes))
#13 C:\xampp\htdocs\api\system\CodeIgniter.php(368): CodeIgniter\CodeIgniter->handleRequest(NULL, Object(Config\Cache), false)
#14 C:\xampp\htdocs\api\index.php(67): CodeIgniter\CodeIgniter->run()
#15 {main}
CRITICAL - 2023-06-13 00:16:19 --> Table 'users_ufm.users' doesn't exist
in SYSTEMPATH\Database\MySQLi\Connection.php on line 295.
 1 SYSTEMPATH\Database\MySQLi\Connection.php(295): mysqli->query('SELECT 1
FROM `users`
WHERE `email` = \'deibsaa@gmail.com\'
 LIMIT 1', 0)
 2 SYSTEMPATH\Database\BaseConnection.php(692): CodeIgniter\Database\MySQLi\Connection->execute('SELECT 1
FROM `users`
WHERE `email` = \'deibsaa@gmail.com\'
 LIMIT 1')
 3 SYSTEMPATH\Database\BaseConnection.php(606): CodeIgniter\Database\BaseConnection->simpleQuery('SELECT 1
FROM `users`
WHERE `email` = \'deibsaa@gmail.com\'
 LIMIT 1')
 4 SYSTEMPATH\Database\BaseBuilder.php(1616): CodeIgniter\Database\BaseConnection->query('SELECT 1
FROM `users`
WHERE `email` = :email:
 LIMIT 1', [...], false)
 5 SYSTEMPATH\Validation\StrictRules\Rules.php(206): CodeIgniter\Database\BaseBuilder->get()
 6 SYSTEMPATH\Validation\Validation.php(321): CodeIgniter\Validation\StrictRules\Rules->is_unique('deibsaa@gmail.com', 'email', [...], null, 'email')
 7 SYSTEMPATH\Validation\Validation.php(179): CodeIgniter\Validation\Validation->processRules('email', 'email', 'deibsaa@gmail.com', [...], [...])
 8 SYSTEMPATH\BaseModel.php(1453): CodeIgniter\Validation\Validation->run([...], null, null)
 9 SYSTEMPATH\BaseModel.php(913): CodeIgniter\BaseModel->validate([...])
10 SYSTEMPATH\Model.php(756): CodeIgniter\BaseModel->update([...], [...])
11 APPPATH\Controllers\notes.php(40): CodeIgniter\Model->update('5', [...])
12 SYSTEMPATH\CodeIgniter.php(934): App\Controllers\notes->update('5')
13 SYSTEMPATH\CodeIgniter.php(499): CodeIgniter\CodeIgniter->runController(Object(App\Controllers\notes))
14 SYSTEMPATH\CodeIgniter.php(368): CodeIgniter\CodeIgniter->handleRequest(null, Object(Config\Cache), false)
15 FCPATH\index.php(67): CodeIgniter\CodeIgniter->run()
ERROR - 2023-06-13 00:19:18 --> mysqli_sql_exception: Table 'users_ufm.users' doesn't exist in C:\xampp\htdocs\api\system\Database\MySQLi\Connection.php:295
Stack trace:
#0 C:\xampp\htdocs\api\system\Database\MySQLi\Connection.php(295): mysqli->query('SELECT 1\nFROM `...', 0)
#1 C:\xampp\htdocs\api\system\Database\BaseConnection.php(692): CodeIgniter\Database\MySQLi\Connection->execute('SELECT 1\nFROM `...')
#2 C:\xampp\htdocs\api\system\Database\BaseConnection.php(606): CodeIgniter\Database\BaseConnection->simpleQuery('SELECT 1\nFROM `...')
#3 C:\xampp\htdocs\api\system\Database\BaseBuilder.php(1616): CodeIgniter\Database\BaseConnection->query('SELECT 1\nFROM `...', Array, false)
#4 C:\xampp\htdocs\api\system\Validation\StrictRules\Rules.php(206): CodeIgniter\Database\BaseBuilder->get()
#5 C:\xampp\htdocs\api\system\Validation\Validation.php(321): CodeIgniter\Validation\StrictRules\Rules->is_unique('deibsaa@gmail.c...', 'email', Array, NULL, 'email')
#6 C:\xampp\htdocs\api\system\Validation\Validation.php(179): CodeIgniter\Validation\Validation->processRules('email', 'email', 'deibsaa@gmail.c...', Array, Array)
#7 C:\xampp\htdocs\api\system\BaseModel.php(1453): CodeIgniter\Validation\Validation->run(Array, NULL, NULL)
#8 C:\xampp\htdocs\api\system\BaseModel.php(913): CodeIgniter\BaseModel->validate(Array)
#9 C:\xampp\htdocs\api\system\Model.php(756): CodeIgniter\BaseModel->update(Array, Array)
#10 C:\xampp\htdocs\api\app\Controllers\notes.php(40): CodeIgniter\Model->update('5', Array)
#11 C:\xampp\htdocs\api\system\CodeIgniter.php(934): App\Controllers\notes->update('5')
#12 C:\xampp\htdocs\api\system\CodeIgniter.php(499): CodeIgniter\CodeIgniter->runController(Object(App\Controllers\notes))
#13 C:\xampp\htdocs\api\system\CodeIgniter.php(368): CodeIgniter\CodeIgniter->handleRequest(NULL, Object(Config\Cache), false)
#14 C:\xampp\htdocs\api\index.php(67): CodeIgniter\CodeIgniter->run()
#15 {main}
CRITICAL - 2023-06-13 00:19:18 --> Table 'users_ufm.users' doesn't exist
in SYSTEMPATH\Database\MySQLi\Connection.php on line 295.
 1 SYSTEMPATH\Database\MySQLi\Connection.php(295): mysqli->query('SELECT 1
FROM `users`
WHERE `email` = \'deibsaa@gmail.com\'
 LIMIT 1', 0)
 2 SYSTEMPATH\Database\BaseConnection.php(692): CodeIgniter\Database\MySQLi\Connection->execute('SELECT 1
FROM `users`
WHERE `email` = \'deibsaa@gmail.com\'
 LIMIT 1')
 3 SYSTEMPATH\Database\BaseConnection.php(606): CodeIgniter\Database\BaseConnection->simpleQuery('SELECT 1
FROM `users`
WHERE `email` = \'deibsaa@gmail.com\'
 LIMIT 1')
 4 SYSTEMPATH\Database\BaseBuilder.php(1616): CodeIgniter\Database\BaseConnection->query('SELECT 1
FROM `users`
WHERE `email` = :email:
 LIMIT 1', [...], false)
 5 SYSTEMPATH\Validation\StrictRules\Rules.php(206): CodeIgniter\Database\BaseBuilder->get()
 6 SYSTEMPATH\Validation\Validation.php(321): CodeIgniter\Validation\StrictRules\Rules->is_unique('deibsaa@gmail.com', 'email', [...], null, 'email')
 7 SYSTEMPATH\Validation\Validation.php(179): CodeIgniter\Validation\Validation->processRules('email', 'email', 'deibsaa@gmail.com', [...], [...])
 8 SYSTEMPATH\BaseModel.php(1453): CodeIgniter\Validation\Validation->run([...], null, null)
 9 SYSTEMPATH\BaseModel.php(913): CodeIgniter\BaseModel->validate([...])
10 SYSTEMPATH\Model.php(756): CodeIgniter\BaseModel->update([...], [...])
11 APPPATH\Controllers\notes.php(40): CodeIgniter\Model->update('5', [...])
12 SYSTEMPATH\CodeIgniter.php(934): App\Controllers\notes->update('5')
13 SYSTEMPATH\CodeIgniter.php(499): CodeIgniter\CodeIgniter->runController(Object(App\Controllers\notes))
14 SYSTEMPATH\CodeIgniter.php(368): CodeIgniter\CodeIgniter->handleRequest(null, Object(Config\Cache), false)
15 FCPATH\index.php(67): CodeIgniter\CodeIgniter->run()
ERROR - 2023-06-13 00:22:38 --> mysqli_sql_exception: Table 'users_ufm.ci4' doesn't exist in C:\xampp\htdocs\api\system\Database\MySQLi\Connection.php:295
Stack trace:
#0 C:\xampp\htdocs\api\system\Database\MySQLi\Connection.php(295): mysqli->query('SELECT *\nFROM `...', 0)
#1 C:\xampp\htdocs\api\system\Database\BaseConnection.php(692): CodeIgniter\Database\MySQLi\Connection->execute('SELECT *\nFROM `...')
#2 C:\xampp\htdocs\api\system\Database\BaseConnection.php(606): CodeIgniter\Database\BaseConnection->simpleQuery('SELECT *\nFROM `...')
#3 C:\xampp\htdocs\api\system\Database\BaseBuilder.php(1616): CodeIgniter\Database\BaseConnection->query('SELECT *\nFROM `...', Array, false)
#4 C:\xampp\htdocs\api\system\Model.php(241): CodeIgniter\Database\BaseBuilder->get()
#5 C:\xampp\htdocs\api\system\BaseModel.php(618): CodeIgniter\Model->doFindAll(0, 0)
#6 C:\xampp\htdocs\api\app\Controllers\notes.php(15): CodeIgniter\BaseModel->findAll()
#7 C:\xampp\htdocs\api\system\CodeIgniter.php(934): App\Controllers\notes->index()
#8 C:\xampp\htdocs\api\system\CodeIgniter.php(499): CodeIgniter\CodeIgniter->runController(Object(App\Controllers\notes))
#9 C:\xampp\htdocs\api\system\CodeIgniter.php(368): CodeIgniter\CodeIgniter->handleRequest(NULL, Object(Config\Cache), false)
#10 C:\xampp\htdocs\api\index.php(67): CodeIgniter\CodeIgniter->run()
#11 {main}
CRITICAL - 2023-06-13 00:22:38 --> Table 'users_ufm.ci4' doesn't exist
in SYSTEMPATH\Database\MySQLi\Connection.php on line 295.
 1 SYSTEMPATH\Database\MySQLi\Connection.php(295): mysqli->query('SELECT *
FROM `ci4`', 0)
 2 SYSTEMPATH\Database\BaseConnection.php(692): CodeIgniter\Database\MySQLi\Connection->execute('SELECT *
FROM `ci4`')
 3 SYSTEMPATH\Database\BaseConnection.php(606): CodeIgniter\Database\BaseConnection->simpleQuery('SELECT *
FROM `ci4`')
 4 SYSTEMPATH\Database\BaseBuilder.php(1616): CodeIgniter\Database\BaseConnection->query('SELECT *
FROM `ci4`', [], false)
 5 SYSTEMPATH\Model.php(241): CodeIgniter\Database\BaseBuilder->get()
 6 SYSTEMPATH\BaseModel.php(618): CodeIgniter\Model->doFindAll(0, 0)
 7 APPPATH\Controllers\notes.php(15): CodeIgniter\BaseModel->findAll()
 8 SYSTEMPATH\CodeIgniter.php(934): App\Controllers\notes->index()
 9 SYSTEMPATH\CodeIgniter.php(499): CodeIgniter\CodeIgniter->runController(Object(App\Controllers\notes))
10 SYSTEMPATH\CodeIgniter.php(368): CodeIgniter\CodeIgniter->handleRequest(null, Object(Config\Cache), false)
11 FCPATH\index.php(67): CodeIgniter\CodeIgniter->run()
CRITICAL - 2023-06-13 00:23:26 --> "" is not a valid rule.
in SYSTEMPATH\Validation\Validation.php on line 329.
 1 SYSTEMPATH\Validation\Validation.php(329): CodeIgniter\Validation\Exceptions\ValidationException::forRuleNotFound('')
 2 SYSTEMPATH\Validation\Validation.php(179): CodeIgniter\Validation\Validation->processRules('password', 'password', '123', [...], [...])
 3 SYSTEMPATH\BaseModel.php(1453): CodeIgniter\Validation\Validation->run([...], null, null)
 4 SYSTEMPATH\BaseModel.php(913): CodeIgniter\BaseModel->validate([...])
 5 SYSTEMPATH\Model.php(756): CodeIgniter\BaseModel->update([...], [...])
 6 APPPATH\Controllers\notes.php(40): CodeIgniter\Model->update('5', [...])
 7 SYSTEMPATH\CodeIgniter.php(934): App\Controllers\notes->update('5')
 8 SYSTEMPATH\CodeIgniter.php(499): CodeIgniter\CodeIgniter->runController(Object(App\Controllers\notes))
 9 SYSTEMPATH\CodeIgniter.php(368): CodeIgniter\CodeIgniter->handleRequest(null, Object(Config\Cache), false)
10 FCPATH\index.php(67): CodeIgniter\CodeIgniter->run()
CRITICAL - 2023-06-13 00:23:46 --> "" is not a valid rule.
in SYSTEMPATH\Validation\Validation.php on line 329.
 1 SYSTEMPATH\Validation\Validation.php(329): CodeIgniter\Validation\Exceptions\ValidationException::forRuleNotFound('')
 2 SYSTEMPATH\Validation\Validation.php(179): CodeIgniter\Validation\Validation->processRules('password', 'password', '1234', [...], [...])
 3 SYSTEMPATH\BaseModel.php(1453): CodeIgniter\Validation\Validation->run([...], null, null)
 4 SYSTEMPATH\BaseModel.php(913): CodeIgniter\BaseModel->validate([...])
 5 SYSTEMPATH\Model.php(756): CodeIgniter\BaseModel->update([...], [...])
 6 APPPATH\Controllers\notes.php(40): CodeIgniter\Model->update('5', [...])
 7 SYSTEMPATH\CodeIgniter.php(934): App\Controllers\notes->update('5')
 8 SYSTEMPATH\CodeIgniter.php(499): CodeIgniter\CodeIgniter->runController(Object(App\Controllers\notes))
 9 SYSTEMPATH\CodeIgniter.php(368): CodeIgniter\CodeIgniter->handleRequest(null, Object(Config\Cache), false)
10 FCPATH\index.php(67): CodeIgniter\CodeIgniter->run()
CRITICAL - 2023-06-13 00:24:00 --> "" is not a valid rule.
in SYSTEMPATH\Validation\Validation.php on line 329.
 1 SYSTEMPATH\Validation\Validation.php(329): CodeIgniter\Validation\Exceptions\ValidationException::forRuleNotFound('')
 2 SYSTEMPATH\Validation\Validation.php(179): CodeIgniter\Validation\Validation->processRules('password', 'password', '1234', [...], [...])
 3 SYSTEMPATH\BaseModel.php(1453): CodeIgniter\Validation\Validation->run([...], null, null)
 4 SYSTEMPATH\BaseModel.php(913): CodeIgniter\BaseModel->validate([...])
 5 SYSTEMPATH\Model.php(756): CodeIgniter\BaseModel->update([...], [...])
 6 APPPATH\Controllers\notes.php(40): CodeIgniter\Model->update('5', [...])
 7 SYSTEMPATH\CodeIgniter.php(934): App\Controllers\notes->update('5')
 8 SYSTEMPATH\CodeIgniter.php(499): CodeIgniter\CodeIgniter->runController(Object(App\Controllers\notes))
 9 SYSTEMPATH\CodeIgniter.php(368): CodeIgniter\CodeIgniter->handleRequest(null, Object(Config\Cache), false)
10 FCPATH\index.php(67): CodeIgniter\CodeIgniter->run()
CRITICAL - 2023-06-13 00:33:36 --> Undefined variable $note
in APPPATH\Controllers\notes.php on line 28.
 1 APPPATH\Controllers\notes.php(28): CodeIgniter\Debug\Exceptions->errorHandler(2, 'Undefined variable $note', 'C:\\xampp\\htdocs\\api\\app\\Controllers\\notes.php', 28)
 2 SYSTEMPATH\CodeIgniter.php(934): App\Controllers\notes->create()
 3 SYSTEMPATH\CodeIgniter.php(499): CodeIgniter\CodeIgniter->runController(Object(App\Controllers\notes))
 4 SYSTEMPATH\CodeIgniter.php(368): CodeIgniter\CodeIgniter->handleRequest(null, Object(Config\Cache), false)
 5 FCPATH\index.php(67): CodeIgniter\CodeIgniter->run()
CRITICAL - 2023-06-13 00:33:54 --> Undefined variable $note
in APPPATH\Controllers\notes.php on line 28.
 1 APPPATH\Controllers\notes.php(28): CodeIgniter\Debug\Exceptions->errorHandler(2, 'Undefined variable $note', 'C:\\xampp\\htdocs\\api\\app\\Controllers\\notes.php', 28)
 2 SYSTEMPATH\CodeIgniter.php(934): App\Controllers\notes->create()
 3 SYSTEMPATH\CodeIgniter.php(499): CodeIgniter\CodeIgniter->runController(Object(App\Controllers\notes))
 4 SYSTEMPATH\CodeIgniter.php(368): CodeIgniter\CodeIgniter->handleRequest(null, Object(Config\Cache), false)
 5 FCPATH\index.php(67): CodeIgniter\CodeIgniter->run()
CRITICAL - 2023-06-13 00:33:58 --> Undefined variable $note
in APPPATH\Controllers\notes.php on line 28.
 1 APPPATH\Controllers\notes.php(28): CodeIgniter\Debug\Exceptions->errorHandler(2, 'Undefined variable $note', 'C:\\xampp\\htdocs\\api\\app\\Controllers\\notes.php', 28)
 2 SYSTEMPATH\CodeIgniter.php(934): App\Controllers\notes->create()
 3 SYSTEMPATH\CodeIgniter.php(499): CodeIgniter\CodeIgniter->runController(Object(App\Controllers\notes))
 4 SYSTEMPATH\CodeIgniter.php(368): CodeIgniter\CodeIgniter->handleRequest(null, Object(Config\Cache), false)
 5 FCPATH\index.php(67): CodeIgniter\CodeIgniter->run()
CRITICAL - 2023-06-13 00:34:09 --> Undefined variable $note
in APPPATH\Controllers\notes.php on line 28.
 1 APPPATH\Controllers\notes.php(28): CodeIgniter\Debug\Exceptions->errorHandler(2, 'Undefined variable $note', 'C:\\xampp\\htdocs\\api\\app\\Controllers\\notes.php', 28)
 2 SYSTEMPATH\CodeIgniter.php(934): App\Controllers\notes->create()
 3 SYSTEMPATH\CodeIgniter.php(499): CodeIgniter\CodeIgniter->runController(Object(App\Controllers\notes))
 4 SYSTEMPATH\CodeIgniter.php(368): CodeIgniter\CodeIgniter->handleRequest(null, Object(Config\Cache), false)
 5 FCPATH\index.php(67): CodeIgniter\CodeIgniter->run()
